{"uid":"16963fa32a58f1c0","name":"User should be able to run build type","fullName":"org.example.teamcity.ui.RunBuildTypeTest.userRunsBuildType","historyId":"52ffdeba544bbf4800b77e3ac1fa24fc","time":{"start":1732488302638,"stop":1732488317963,"duration":15325},"status":"broken","statusMessage":"javascript error: Cannot read property 'CodeMirror' of null\n  (Session info: chrome=91.0.4472.106)\nBuild info: version: '4.19.1', revision: 'abe0ee07dc'\nSystem info: os.name: 'Linux', os.arch: 'amd64', os.version: '6.5.0-1025-azure', java.version: '17.0.13'\nDriver info: org.openqa.selenium.remote.RemoteWebDriver\nCommand: [cf0219384720917e7b8b0545c30022b6, executeScript {script=document.querySelector('.CodeMirror').CodeMirror.setValue('echo \"Hello, world\"');, args=[]}]\nCapabilities {acceptInsecureCerts: true, browserName: chrome, browserVersion: 91.0.4472.106, chrome: {chromedriverVersion: 91.0.4472.101 (af52a90bf870..., userDataDir: /tmp/.com.google.Chrome.1igiep}, goog:chromeOptions: {debuggerAddress: localhost:38607}, networkConnectionEnabled: false, pageLoadStrategy: normal, platformName: linux, proxy: Proxy(), se:cdp: ws://localhost:4444/devtool..., se:cdpVersion: 91.0.4472.106, setWindowRect: true, strictFileInteractability: false, timeouts: {implicit: 0, pageLoad: 300000, script: 30000}, unhandledPromptBehavior: accept, webauthn:extension:largeBlob: true, webauthn:virtualAuthenticators: true}\nSession ID: cf0219384720917e7b8b0545c30022b6","statusTrace":"org.openqa.selenium.JavascriptException: javascript error: Cannot read property 'CodeMirror' of null\n  (Session info: chrome=91.0.4472.106)\nBuild info: version: '4.19.1', revision: 'abe0ee07dc'\nSystem info: os.name: 'Linux', os.arch: 'amd64', os.version: '6.5.0-1025-azure', java.version: '17.0.13'\nDriver info: org.openqa.selenium.remote.RemoteWebDriver\nCommand: [cf0219384720917e7b8b0545c30022b6, executeScript {script=document.querySelector('.CodeMirror').CodeMirror.setValue('echo \"Hello, world\"');, args=[]}]\nCapabilities {acceptInsecureCerts: true, browserName: chrome, browserVersion: 91.0.4472.106, chrome: {chromedriverVersion: 91.0.4472.101 (af52a90bf870..., userDataDir: /tmp/.com.google.Chrome.1igiep}, goog:chromeOptions: {debuggerAddress: localhost:38607}, networkConnectionEnabled: false, pageLoadStrategy: normal, platformName: linux, proxy: Proxy(), se:cdp: ws://localhost:4444/devtool..., se:cdpVersion: 91.0.4472.106, setWindowRect: true, strictFileInteractability: false, timeouts: {implicit: 0, pageLoad: 300000, script: 30000}, unhandledPromptBehavior: accept, webauthn:extension:largeBlob: true, webauthn:virtualAuthenticators: true}\nSession ID: cf0219384720917e7b8b0545c30022b6\n\tat java.base/jdk.internal.reflect.NativeConstructorAccessorImpl.newInstance0(Native Method)\n\tat java.base/jdk.internal.reflect.NativeConstructorAccessorImpl.newInstance(NativeConstructorAccessorImpl.java:77)\n\tat java.base/jdk.internal.reflect.DelegatingConstructorAccessorImpl.newInstance(DelegatingConstructorAccessorImpl.java:45)\n\tat java.base/java.lang.reflect.Constructor.newInstanceWithCaller(Constructor.java:500)\n\tat java.base/java.lang.reflect.Constructor.newInstance(Constructor.java:481)\n\tat org.openqa.selenium.remote.ErrorCodec.decode(ErrorCodec.java:167)\n\tat org.openqa.selenium.remote.codec.w3c.W3CHttpResponseCodec.decode(W3CHttpResponseCodec.java:138)\n\tat org.openqa.selenium.remote.codec.w3c.W3CHttpResponseCodec.decode(W3CHttpResponseCodec.java:50)\n\tat org.openqa.selenium.remote.HttpCommandExecutor.execute(HttpCommandExecutor.java:190)\n\tat org.openqa.selenium.remote.RemoteWebDriver.execute(RemoteWebDriver.java:518)\n\tat org.openqa.selenium.remote.RemoteWebDriver.executeScript(RemoteWebDriver.java:463)\n\tat com.codeborne.selenide.Driver.executeJavaScript(Driver.java:56)\n\tat com.codeborne.selenide.SelenideDriver.executeJavaScript(SelenideDriver.java:225)\n\tat com.codeborne.selenide.Selenide.executeJavaScript(Selenide.java:568)\n\tat com.example.teamcity.ui.pages.admin.CreateBuildStepPage.createBuildStep(CreateBuildStepPage.java:34)\n\tat org.example.teamcity.ui.RunBuildTypeTest.userRunsBuildType(RunBuildTypeTest.java:74)\n\tat java.base/jdk.internal.reflect.NativeMethodAccessorImpl.invoke0(Native Method)\n\tat java.base/jdk.internal.reflect.NativeMethodAccessorImpl.invoke(NativeMethodAccessorImpl.java:77)\n\tat java.base/jdk.internal.reflect.DelegatingMethodAccessorImpl.invoke(DelegatingMethodAccessorImpl.java:43)\n\tat java.base/java.lang.reflect.Method.invoke(Method.java:569)\n\tat org.testng.internal.invokers.MethodInvocationHelper.invokeMethod(MethodInvocationHelper.java:141)\n\tat org.testng.internal.invokers.TestInvoker.invokeMethod(TestInvoker.java:686)\n\tat org.testng.internal.invokers.TestInvoker.invokeTestMethod(TestInvoker.java:230)\n\tat org.testng.internal.invokers.MethodRunner.runInSequence(MethodRunner.java:63)\n\tat org.testng.internal.invokers.TestInvoker$MethodInvocationAgent.invoke(TestInvoker.java:992)\n\tat org.testng.internal.invokers.TestInvoker.invokeTestMethods(TestInvoker.java:203)\n\tat org.testng.internal.invokers.TestMethodWorker.invokeTestMethods(TestMethodWorker.java:154)\n\tat org.testng.internal.invokers.TestMethodWorker.run(TestMethodWorker.java:134)\n\tat java.base/java.util.ArrayList.forEach(ArrayList.java:1511)\n\tat org.testng.TestRunner.privateRun(TestRunner.java:739)\n\tat org.testng.TestRunner.run(TestRunner.java:614)\n\tat org.testng.SuiteRunner.runTest(SuiteRunner.java:421)\n\tat org.testng.SuiteRunner.runSequentially(SuiteRunner.java:413)\n\tat org.testng.SuiteRunner.privateRun(SuiteRunner.java:373)\n\tat org.testng.SuiteRunner.run(SuiteRunner.java:312)\n\tat org.testng.SuiteRunnerWorker.runSuite(SuiteRunnerWorker.java:52)\n\tat org.testng.SuiteRunnerWorker.run(SuiteRunnerWorker.java:95)\n\tat org.testng.TestNG.runSuitesSequentially(TestNG.java:1274)\n\tat org.testng.TestNG.runSuitesLocally(TestNG.java:1208)\n\tat org.testng.TestNG.runSuites(TestNG.java:1112)\n\tat org.testng.TestNG.run(TestNG.java:1079)\n\tat org.apache.maven.surefire.testng.TestNGExecutor.run(TestNGExecutor.java:155)\n\tat org.apache.maven.surefire.testng.TestNGDirectoryTestSuite.executeMulti(TestNGDirectoryTestSuite.java:169)\n\tat org.apache.maven.surefire.testng.TestNGDirectoryTestSuite.execute(TestNGDirectoryTestSuite.java:88)\n\tat org.apache.maven.surefire.testng.TestNGProvider.invoke(TestNGProvider.java:137)\n\tat org.apache.maven.surefire.booter.ForkedBooter.runSuitesInProcess(ForkedBooter.java:385)\n\tat org.apache.maven.surefire.booter.ForkedBooter.execute(ForkedBooter.java:162)\n\tat org.apache.maven.surefire.booter.ForkedBooter.run(ForkedBooter.java:507)\n\tat org.apache.maven.surefire.booter.ForkedBooter.main(ForkedBooter.java:495)\n","flaky":false,"newFailed":false,"newBroken":false,"newPassed":false,"retriesCount":0,"retriesStatusChange":false,"beforeStages":[{"name":"beforeTest","time":{"start":1732488302632,"stop":1732488302634,"duration":2},"description":"","status":"passed","steps":[],"attachments":[],"parameters":[],"shouldDisplayMessage":false,"stepsCount":0,"attachmentsCount":0,"hasContent":false}],"testStage":{"status":"broken","statusMessage":"javascript error: Cannot read property 'CodeMirror' of null\n  (Session info: chrome=91.0.4472.106)\nBuild info: version: '4.19.1', revision: 'abe0ee07dc'\nSystem info: os.name: 'Linux', os.arch: 'amd64', os.version: '6.5.0-1025-azure', java.version: '17.0.13'\nDriver info: org.openqa.selenium.remote.RemoteWebDriver\nCommand: [cf0219384720917e7b8b0545c30022b6, executeScript {script=document.querySelector('.CodeMirror').CodeMirror.setValue('echo \"Hello, world\"');, args=[]}]\nCapabilities {acceptInsecureCerts: true, browserName: chrome, browserVersion: 91.0.4472.106, chrome: {chromedriverVersion: 91.0.4472.101 (af52a90bf870..., userDataDir: /tmp/.com.google.Chrome.1igiep}, goog:chromeOptions: {debuggerAddress: localhost:38607}, networkConnectionEnabled: false, pageLoadStrategy: normal, platformName: linux, proxy: Proxy(), se:cdp: ws://localhost:4444/devtool..., se:cdpVersion: 91.0.4472.106, setWindowRect: true, strictFileInteractability: false, timeouts: {implicit: 0, pageLoad: 300000, script: 30000}, unhandledPromptBehavior: accept, webauthn:extension:largeBlob: true, webauthn:virtualAuthenticators: true}\nSession ID: cf0219384720917e7b8b0545c30022b6","statusTrace":"org.openqa.selenium.JavascriptException: javascript error: Cannot read property 'CodeMirror' of null\n  (Session info: chrome=91.0.4472.106)\nBuild info: version: '4.19.1', revision: 'abe0ee07dc'\nSystem info: os.name: 'Linux', os.arch: 'amd64', os.version: '6.5.0-1025-azure', java.version: '17.0.13'\nDriver info: org.openqa.selenium.remote.RemoteWebDriver\nCommand: [cf0219384720917e7b8b0545c30022b6, executeScript {script=document.querySelector('.CodeMirror').CodeMirror.setValue('echo \"Hello, world\"');, args=[]}]\nCapabilities {acceptInsecureCerts: true, browserName: chrome, browserVersion: 91.0.4472.106, chrome: {chromedriverVersion: 91.0.4472.101 (af52a90bf870..., userDataDir: /tmp/.com.google.Chrome.1igiep}, goog:chromeOptions: {debuggerAddress: localhost:38607}, networkConnectionEnabled: false, pageLoadStrategy: normal, platformName: linux, proxy: Proxy(), se:cdp: ws://localhost:4444/devtool..., se:cdpVersion: 91.0.4472.106, setWindowRect: true, strictFileInteractability: false, timeouts: {implicit: 0, pageLoad: 300000, script: 30000}, unhandledPromptBehavior: accept, webauthn:extension:largeBlob: true, webauthn:virtualAuthenticators: true}\nSession ID: cf0219384720917e7b8b0545c30022b6\n\tat java.base/jdk.internal.reflect.NativeConstructorAccessorImpl.newInstance0(Native Method)\n\tat java.base/jdk.internal.reflect.NativeConstructorAccessorImpl.newInstance(NativeConstructorAccessorImpl.java:77)\n\tat java.base/jdk.internal.reflect.DelegatingConstructorAccessorImpl.newInstance(DelegatingConstructorAccessorImpl.java:45)\n\tat java.base/java.lang.reflect.Constructor.newInstanceWithCaller(Constructor.java:500)\n\tat java.base/java.lang.reflect.Constructor.newInstance(Constructor.java:481)\n\tat org.openqa.selenium.remote.ErrorCodec.decode(ErrorCodec.java:167)\n\tat org.openqa.selenium.remote.codec.w3c.W3CHttpResponseCodec.decode(W3CHttpResponseCodec.java:138)\n\tat org.openqa.selenium.remote.codec.w3c.W3CHttpResponseCodec.decode(W3CHttpResponseCodec.java:50)\n\tat org.openqa.selenium.remote.HttpCommandExecutor.execute(HttpCommandExecutor.java:190)\n\tat org.openqa.selenium.remote.RemoteWebDriver.execute(RemoteWebDriver.java:518)\n\tat org.openqa.selenium.remote.RemoteWebDriver.executeScript(RemoteWebDriver.java:463)\n\tat com.codeborne.selenide.Driver.executeJavaScript(Driver.java:56)\n\tat com.codeborne.selenide.SelenideDriver.executeJavaScript(SelenideDriver.java:225)\n\tat com.codeborne.selenide.Selenide.executeJavaScript(Selenide.java:568)\n\tat com.example.teamcity.ui.pages.admin.CreateBuildStepPage.createBuildStep(CreateBuildStepPage.java:34)\n\tat org.example.teamcity.ui.RunBuildTypeTest.userRunsBuildType(RunBuildTypeTest.java:74)\n\tat java.base/jdk.internal.reflect.NativeMethodAccessorImpl.invoke0(Native Method)\n\tat java.base/jdk.internal.reflect.NativeMethodAccessorImpl.invoke(NativeMethodAccessorImpl.java:77)\n\tat java.base/jdk.internal.reflect.DelegatingMethodAccessorImpl.invoke(DelegatingMethodAccessorImpl.java:43)\n\tat java.base/java.lang.reflect.Method.invoke(Method.java:569)\n\tat org.testng.internal.invokers.MethodInvocationHelper.invokeMethod(MethodInvocationHelper.java:141)\n\tat org.testng.internal.invokers.TestInvoker.invokeMethod(TestInvoker.java:686)\n\tat org.testng.internal.invokers.TestInvoker.invokeTestMethod(TestInvoker.java:230)\n\tat org.testng.internal.invokers.MethodRunner.runInSequence(MethodRunner.java:63)\n\tat org.testng.internal.invokers.TestInvoker$MethodInvocationAgent.invoke(TestInvoker.java:992)\n\tat org.testng.internal.invokers.TestInvoker.invokeTestMethods(TestInvoker.java:203)\n\tat org.testng.internal.invokers.TestMethodWorker.invokeTestMethods(TestMethodWorker.java:154)\n\tat org.testng.internal.invokers.TestMethodWorker.run(TestMethodWorker.java:134)\n\tat java.base/java.util.ArrayList.forEach(ArrayList.java:1511)\n\tat org.testng.TestRunner.privateRun(TestRunner.java:739)\n\tat org.testng.TestRunner.run(TestRunner.java:614)\n\tat org.testng.SuiteRunner.runTest(SuiteRunner.java:421)\n\tat org.testng.SuiteRunner.runSequentially(SuiteRunner.java:413)\n\tat org.testng.SuiteRunner.privateRun(SuiteRunner.java:373)\n\tat org.testng.SuiteRunner.run(SuiteRunner.java:312)\n\tat org.testng.SuiteRunnerWorker.runSuite(SuiteRunnerWorker.java:52)\n\tat org.testng.SuiteRunnerWorker.run(SuiteRunnerWorker.java:95)\n\tat org.testng.TestNG.runSuitesSequentially(TestNG.java:1274)\n\tat org.testng.TestNG.runSuitesLocally(TestNG.java:1208)\n\tat org.testng.TestNG.runSuites(TestNG.java:1112)\n\tat org.testng.TestNG.run(TestNG.java:1079)\n\tat org.apache.maven.surefire.testng.TestNGExecutor.run(TestNGExecutor.java:155)\n\tat org.apache.maven.surefire.testng.TestNGDirectoryTestSuite.executeMulti(TestNGDirectoryTestSuite.java:169)\n\tat org.apache.maven.surefire.testng.TestNGDirectoryTestSuite.execute(TestNGDirectoryTestSuite.java:88)\n\tat org.apache.maven.surefire.testng.TestNGProvider.invoke(TestNGProvider.java:137)\n\tat org.apache.maven.surefire.booter.ForkedBooter.runSuitesInProcess(ForkedBooter.java:385)\n\tat org.apache.maven.surefire.booter.ForkedBooter.execute(ForkedBooter.java:162)\n\tat org.apache.maven.surefire.booter.ForkedBooter.run(ForkedBooter.java:507)\n\tat org.apache.maven.surefire.booter.ForkedBooter.main(ForkedBooter.java:495)\n","steps":[{"name":"Open login page","time":{"start":1732488302903,"stop":1732488306317,"duration":3414},"status":"passed","steps":[{"name":"$(\"open\") http://172.17.0.1:8111/login.html","time":{"start":1732488302903,"stop":1732488306316,"duration":3413},"status":"passed","steps":[{"name":"$(\"webdriver\") create()","time":{"start":1732488302907,"stop":1732488305018,"duration":2111},"status":"passed","steps":[],"attachments":[],"parameters":[],"shouldDisplayMessage":false,"stepsCount":0,"attachmentsCount":0,"hasContent":false}],"attachments":[],"parameters":[],"shouldDisplayMessage":false,"stepsCount":1,"attachmentsCount":0,"hasContent":true}],"attachments":[],"parameters":[],"shouldDisplayMessage":false,"stepsCount":2,"attachmentsCount":0,"hasContent":true},{"name":"Login as test_bLZpyfTSFP","time":{"start":1732488306317,"stop":1732488309889,"duration":3572},"status":"passed","steps":[{"name":"$(\"#username\") val(test_bLZpyfTSFP)","time":{"start":1732488306317,"stop":1732488306629,"duration":312},"status":"passed","steps":[],"attachments":[],"parameters":[],"shouldDisplayMessage":false,"stepsCount":0,"attachmentsCount":0,"hasContent":false},{"name":"$(\"#password\") val(test_yrxBQZArXZ)","time":{"start":1732488306631,"stop":1732488307153,"duration":522},"status":"passed","steps":[],"attachments":[],"parameters":[],"shouldDisplayMessage":false,"stepsCount":0,"attachmentsCount":0,"hasContent":false},{"name":"$(\".loginButton\") click()","time":{"start":1732488307156,"stop":1732488307344,"duration":188},"status":"passed","steps":[],"attachments":[],"parameters":[],"shouldDisplayMessage":false,"stepsCount":0,"attachmentsCount":0,"hasContent":false},{"name":"$(\".MainPanel__router--gF > div\") should be([visible, 30 s.])","time":{"start":1732488307345,"stop":1732488309889,"duration":2544},"status":"passed","steps":[],"attachments":[],"parameters":[],"shouldDisplayMessage":false,"stepsCount":0,"attachmentsCount":0,"hasContent":false}],"attachments":[],"parameters":[{"name":"user","value":"User(id=null, username=test_bLZpyfTSFP, password=test_yrxBQZArXZ, roles=Roles(role=[Role(roleId=SYSTEM_ADMIN, scope=g)]))"}],"shouldDisplayMessage":false,"stepsCount":4,"attachmentsCount":0,"hasContent":true},{"name":"$(\"open\") http://172.17.0.1:8111/admin/editRunType.html?id=buildType:test_EjaGGHjQxs&runnerId=__NEW_RUNNER__","time":{"start":1732488310873,"stop":1732488313406,"duration":2533},"status":"passed","steps":[],"attachments":[],"parameters":[],"shouldDisplayMessage":false,"stepsCount":0,"attachmentsCount":0,"hasContent":false},{"name":"$(\"tr[data-test='runner-item simpleRunner']\") should([visible, 30 s.])","time":{"start":1732488313406,"stop":1732488313729,"duration":323},"status":"passed","steps":[],"attachments":[],"parameters":[],"shouldDisplayMessage":false,"stepsCount":0,"attachmentsCount":0,"hasContent":false},{"name":"$(\"tr[data-test='runner-item simpleRunner']\") click()","time":{"start":1732488313729,"stop":1732488313867,"duration":138},"status":"passed","steps":[],"attachments":[],"parameters":[],"shouldDisplayMessage":false,"stepsCount":0,"attachmentsCount":0,"hasContent":false},{"name":"$(\"#buildStepName\") should([visible, 30 s.])","time":{"start":1732488313868,"stop":1732488317741,"duration":3873},"status":"passed","steps":[],"attachments":[],"parameters":[],"shouldDisplayMessage":false,"stepsCount":0,"attachmentsCount":0,"hasContent":false},{"name":"$(\"#buildStepName\") val(test_build_step)","time":{"start":1732488317741,"stop":1732488317951,"duration":210},"status":"passed","steps":[],"attachments":[],"parameters":[],"shouldDisplayMessage":false,"stepsCount":0,"attachmentsCount":0,"hasContent":false}],"attachments":[{"uid":"6c8434c54858cec2","name":"Request","source":"6c8434c54858cec2.html","type":"text/html","size":1339},{"uid":"f31d333678299529","name":"HTTP/1.1 200 ","source":"f31d333678299529.html","type":"text/html","size":2088},{"uid":"2c88569190b859da","name":"Request","source":"2c88569190b859da.html","type":"text/html","size":939},{"uid":"7e301890d65ceef1","name":"HTTP/1.1 200 ","source":"7e301890d65ceef1.html","type":"text/html","size":2225},{"uid":"db6ad921972b5534","name":"Request","source":"db6ad921972b5534.html","type":"text/html","size":596},{"uid":"a21e0abd17f32d57","name":"HTTP/1.1 200 ","source":"a21e0abd17f32d57.html","type":"text/html","size":2225},{"uid":"3cc00bc844cba241","name":"Request","source":"3cc00bc844cba241.html","type":"text/html","size":3335},{"uid":"45d684aa4e7f3982","name":"HTTP/1.1 200 ","source":"45d684aa4e7f3982.html","type":"text/html","size":3952},{"uid":"df5f27be78203ef6","name":"Request","source":"df5f27be78203ef6.html","type":"text/html","size":600},{"uid":"1d614521b1c36542","name":"HTTP/1.1 200 ","source":"1d614521b1c36542.html","type":"text/html","size":3952}],"parameters":[],"shouldDisplayMessage":true,"stepsCount":13,"attachmentsCount":10,"hasContent":true},"afterStages":[{"name":"closeWebDriver","time":{"start":1732488317991,"stop":1732488318054,"duration":63},"description":"","status":"passed","steps":[{"name":"$(\"webdriver\") close()","time":{"start":1732488317991,"stop":1732488318054,"duration":63},"status":"passed","steps":[],"attachments":[],"parameters":[],"shouldDisplayMessage":false,"stepsCount":0,"attachmentsCount":0,"hasContent":false}],"attachments":[],"parameters":[],"shouldDisplayMessage":false,"stepsCount":1,"attachmentsCount":0,"hasContent":true},{"name":"afterTest","time":{"start":1732488318057,"stop":1732488318568,"duration":511},"description":"","status":"passed","steps":[],"attachments":[{"uid":"50a882d5e52a00fb","name":"Request","source":"50a882d5e52a00fb.html","type":"text/html","size":602},{"uid":"1e19cb3f78319a74","name":"HTTP/1.1 204 ","source":"1e19cb3f78319a74.html","type":"text/html","size":478},{"uid":"de19a462a9bf05ca","name":"Request","source":"de19a462a9bf05ca.html","type":"text/html","size":598},{"uid":"dedad7bcb9aebf80","name":"HTTP/1.1 204 ","source":"dedad7bcb9aebf80.html","type":"text/html","size":478},{"uid":"a6c19776a7e58497","name":"Request","source":"a6c19776a7e58497.html","type":"text/html","size":564},{"uid":"11d65badbf26470b","name":"HTTP/1.1 204 ","source":"11d65badbf26470b.html","type":"text/html","size":478}],"parameters":[],"shouldDisplayMessage":false,"stepsCount":0,"attachmentsCount":6,"hasContent":true}],"labels":[{"name":"package","value":"org.example.teamcity.ui.RunBuildTypeTest"},{"name":"testClass","value":"org.example.teamcity.ui.RunBuildTypeTest"},{"name":"testMethod","value":"userRunsBuildType"},{"name":"parentSuite","value":"Surefire suite"},{"name":"suite","value":"Surefire test"},{"name":"subSuite","value":"org.example.teamcity.ui.RunBuildTypeTest"},{"name":"host","value":"fv-az1391-198"},{"name":"thread","value":"4475@fv-az1391-198.main(1)"},{"name":"framework","value":"testng"},{"name":"language","value":"java"},{"name":"resultFormat","value":"allure2"}],"parameters":[],"links":[],"hidden":false,"retry":false,"extra":{"severity":"normal","retries":[],"categories":[{"name":"Test defects","matchedStatuses":[],"flaky":false}],"history":{"statistic":{"failed":1,"broken":3,"skipped":0,"passed":0,"unknown":0,"total":4},"items":[{"uid":"bf934647e3e1ae3c","reportUrl":"https://AlexandraNayanzina.github.io/teamcity-testing-framework/ui/53//#testresult/bf934647e3e1ae3c","status":"broken","statusDetails":"javascript error: Cannot read property 'CodeMirror' of null\n  (Session info: chrome=91.0.4472.106)\nBuild info: version: '4.19.1', revision: 'abe0ee07dc'\nSystem info: os.name: 'Linux', os.arch: 'amd64', os.version: '6.5.0-1025-azure', java.version: '17.0.13'\nDriver info: org.openqa.selenium.remote.RemoteWebDriver\nCommand: [8e74224ded3cb4717ef76a3c56a2a894, executeScript {script=document.querySelector('.CodeMirror').CodeMirror.setValue('echo \"Hello, world\"');, args=[]}]\nCapabilities {acceptInsecureCerts: true, browserName: chrome, browserVersion: 91.0.4472.106, chrome: {chromedriverVersion: 91.0.4472.101 (af52a90bf870..., userDataDir: /tmp/.com.google.Chrome.EsnFPv}, goog:chromeOptions: {debuggerAddress: localhost:34297}, networkConnectionEnabled: false, pageLoadStrategy: normal, platformName: linux, proxy: Proxy(), se:cdp: ws://localhost:4444/devtool..., se:cdpVersion: 91.0.4472.106, setWindowRect: true, strictFileInteractability: false, timeouts: {implicit: 0, pageLoad: 300000, script: 30000}, unhandledPromptBehavior: accept, webauthn:extension:largeBlob: true, webauthn:virtualAuthenticators: true}\nSession ID: 8e74224ded3cb4717ef76a3c56a2a894","time":{"start":1732427012276,"stop":1732427028319,"duration":16043}},{"uid":"7d82b01b4b668210","reportUrl":"https://AlexandraNayanzina.github.io/teamcity-testing-framework/ui/49//#testresult/7d82b01b4b668210","status":"broken","statusDetails":"javascript error: Cannot read property 'CodeMirror' of null\n  (Session info: chrome=91.0.4472.106)\nBuild info: version: '4.19.1', revision: 'abe0ee07dc'\nSystem info: os.name: 'Linux', os.arch: 'amd64', os.version: '6.5.0-1025-azure', java.version: '17.0.13'\nDriver info: org.openqa.selenium.remote.RemoteWebDriver\nCommand: [00c10f5607141570f8f9a900be1d911d, executeScript {script=document.querySelector('.CodeMirror').CodeMirror.setValue('echo \"Hello, world\"');, args=[]}]\nCapabilities {acceptInsecureCerts: true, browserName: chrome, browserVersion: 91.0.4472.106, chrome: {chromedriverVersion: 91.0.4472.101 (af52a90bf870..., userDataDir: /tmp/.com.google.Chrome.PquHLy}, goog:chromeOptions: {debuggerAddress: localhost:40371}, networkConnectionEnabled: false, pageLoadStrategy: normal, platformName: linux, proxy: Proxy(), se:cdp: ws://localhost:4444/devtool..., se:cdpVersion: 91.0.4472.106, setWindowRect: true, strictFileInteractability: false, timeouts: {implicit: 0, pageLoad: 300000, script: 30000}, unhandledPromptBehavior: accept, webauthn:extension:largeBlob: true, webauthn:virtualAuthenticators: true}\nSession ID: 00c10f5607141570f8f9a900be1d911d","time":{"start":1732418506707,"stop":1732418521701,"duration":14994}},{"uid":"9db9455ed127d01d","reportUrl":"https://AlexandraNayanzina.github.io/teamcity-testing-framework/ui/48//#testresult/9db9455ed127d01d","status":"failed","statusDetails":"1 expectation failed.\nExpected status code <200> but was <401>.\n","time":{"start":1732416852402,"stop":1732416852542,"duration":140}}]},"tags":[]},"source":"16963fa32a58f1c0.json","parameterValues":[]}